mode: set
github.com/google/wisdom/pkg/metabolism/budget.go:28.45,31.69 2 1
github.com/google/wisdom/pkg/metabolism/budget.go:31.69,33.3 1 1
github.com/google/wisdom/pkg/metabolism/budget.go:34.2,34.72 1 1
github.com/google/wisdom/pkg/metabolism/budget.go:34.72,36.3 1 1
github.com/google/wisdom/pkg/metabolism/budget.go:37.2,37.65 1 1
github.com/google/wisdom/pkg/metabolism/budget.go:37.65,39.3 1 1
github.com/google/wisdom/pkg/metabolism/budget.go:40.2,40.69 1 1
github.com/google/wisdom/pkg/metabolism/budget.go:40.69,42.3 1 1
github.com/google/wisdom/pkg/metabolism/budget.go:44.2,44.12 1 1
github.com/google/wisdom/pkg/metabolism/efficiency.go:13.36,15.22 2 1
github.com/google/wisdom/pkg/metabolism/efficiency.go:15.22,17.3 1 1
github.com/google/wisdom/pkg/metabolism/efficiency.go:18.2,18.54 1 1
github.com/google/wisdom/pkg/metabolism/efficiency.go:22.46,24.18 2 1
github.com/google/wisdom/pkg/metabolism/efficiency.go:24.18,26.3 1 1
github.com/google/wisdom/pkg/metabolism/efficiency.go:27.2,28.39 2 1
github.com/google/wisdom/pkg/metabolism/metabolism.go:18.41,26.2 1 1
github.com/google/wisdom/pkg/metabolism/metabolism.go:37.28,42.2 1 1
github.com/google/wisdom/pkg/metabolism/metabolism.go:45.60,54.2 4 1
github.com/google/wisdom/pkg/metabolism/metabolism.go:58.63,62.51 3 1
github.com/google/wisdom/pkg/metabolism/metabolism.go:62.51,63.47 1 1
github.com/google/wisdom/pkg/metabolism/metabolism.go:63.47,65.4 1 1
github.com/google/wisdom/pkg/metabolism/metabolism.go:66.3,66.57 1 1
github.com/google/wisdom/pkg/metabolism/metabolism.go:69.2,71.12 3 1
github.com/google/wisdom/pkg/metabolism/metabolism.go:75.34,79.2 3 1
github.com/google/wisdom/pkg/metabolism/metabolism.go:82.51,86.2 3 1
github.com/google/wisdom/pkg/metabolism/metabolism.go:89.65,100.2 4 1
github.com/google/wisdom/pkg/metabolism/metabolism.go:103.55,114.2 4 1
